0 info it worked if it ends with ok
1 verbose cli [ '/Users/alma/.nvm/v0.11.14/bin/node',
1 verbose cli   '/Users/alma/.nvm/v0.11.14/bin/npm',
1 verbose cli   'publish' ]
2 info using npm@2.0.0
3 info using node@v0.11.14
4 verbose publish [ '.' ]
5 verbose cache add [ '.', null ]
6 verbose cache add spec="." args=[".",null]
7 verbose parsed spec { raw: '.',
7 verbose parsed spec   scope: null,
7 verbose parsed spec   name: null,
7 verbose parsed spec   rawSpec: '.',
7 verbose parsed spec   spec: '/Users/alma/Clones/hyperion-graph',
7 verbose parsed spec   type: 'local' }
8 verbose cache add local package /Users/alma/Clones/hyperion-graph
9 silly lockFile 3a52ce78- .
10 verbose lock . /Users/alma/.npm/3a52ce78-.lock
11 verbose tar pack [ '/Users/alma/.npm/hyperion-graph/0.0.2/package.tgz', '.' ]
12 verbose tarball /Users/alma/.npm/hyperion-graph/0.0.2/package.tgz
13 verbose folder .
14 info prepublish hyperion-graph@0.0.2
15 silly lockFile 1f1177db-tar tar://.
16 verbose lock tar://. /Users/alma/.npm/1f1177db-tar.lock
17 silly lockFile 83852c42-hyperion-graph-0-0-2-package-tgz tar:///Users/alma/.npm/hyperion-graph/0.0.2/package.tgz
18 verbose lock tar:///Users/alma/.npm/hyperion-graph/0.0.2/package.tgz /Users/alma/.npm/83852c42-hyperion-graph-0-0-2-package-tgz.lock
19 silly lockFile 1f1177db-tar tar://.
20 silly lockFile 1f1177db-tar tar://.
21 silly lockFile 83852c42-hyperion-graph-0-0-2-package-tgz tar:///Users/alma/.npm/hyperion-graph/0.0.2/package.tgz
22 silly lockFile 83852c42-hyperion-graph-0-0-2-package-tgz tar:///Users/alma/.npm/hyperion-graph/0.0.2/package.tgz
23 silly lockFile 17a49647-npm-hyperion-graph-0-0-2-package /Users/alma/.npm/hyperion-graph/0.0.2/package
24 verbose lock /Users/alma/.npm/hyperion-graph/0.0.2/package /Users/alma/.npm/17a49647-npm-hyperion-graph-0-0-2-package.lock
25 silly lockFile 17a49647-npm-hyperion-graph-0-0-2-package /Users/alma/.npm/hyperion-graph/0.0.2/package
26 silly lockFile 17a49647-npm-hyperion-graph-0-0-2-package /Users/alma/.npm/hyperion-graph/0.0.2/package
27 silly lockFile 3a52ce78- .
28 silly lockFile 3a52ce78- .
29 silly publish { name: 'hyperion-graph',
29 silly publish   version: '0.0.2',
29 silly publish   description: 'A wrapper for node-neo4j for keeping a history of graph changes.',
29 silly publish   main: 'index.js',
29 silly publish   repository:
29 silly publish    { type: 'git',
29 silly publish      url: 'https://github.com/swissmanu/hyperion-graph' },
29 silly publish   keywords: [ 'neo4j', 'history', 'graph' ],
29 silly publish   author: { name: 'Manuel Alabor', email: 'manuel@alabor.me' },
29 silly publish   license: 'MIT',
29 silly publish   bugs: { url: 'https://github.com/swissmanu/hyperion-graph/issues' },
29 silly publish   homepage: 'https://github.com/swissmanu/hyperion-graph',
29 silly publish   dependencies: { q: '^1.1.2' },
29 silly publish   peerDependencies: { 'node-neo4j': '^2.0.3' },
29 silly publish   readme: '# hyperion-graph\n[![npm version](https://badge.fury.io/js/hyperion-graph.svg)](http://badge.fury.io/js/hyperion-graph)\n\n`hyperion-graph` is a wrapper around [`node-neo4j`](https://github.com/philippkueng/node-neo4j) and allows to create and modify history aware, time based [`Neo4j`](http://neo4j.com/) graphs as described in http://www.neo4j.org/graphgist?608bf0701e3306a23e77.\n\n## Installation\n\n```bash\nnpm install hyperion-graph --save\n```\n\n## Usage\n\n```javascript\nvar Neo4j = require(\'node-neo4j\')\n\t, Hyprion = require(\'hyperion-graph\')\n\t, db = new Neo4j(\'http://localhost:7474\')\n\t, adapter = new Hyperion(db);\n\nadapter.insertNode(1701, \'Spaceship\', {\n\t\tbrand: \'Starfleet\'\n\t}).catch(function(err) {\n\t\tconsole.log(err);\n\t});\n\nadapter.updateNode(1701, \'Spaceship\', {\n\t\tdestroyed: 12\n\t}).catch(function(err) {\n\t\tconsole.log(err);\n\t});\n```\n\n## License\nCopyright (c) 2015 Manuel Alabor\n\nPermission is hereby granted, free of charge, to any person obtaining a copy of this software and associated documentation files (the "Software"), to deal in the Software without restriction, including without limitation the rights to use, copy, modify, merge, publish, distribute, sublicense, and/or sell copies of the Software, and to permit persons to whom the Software is furnished to do so, subject to the following conditions:\n\nThe above copyright notice and this permission notice shall be included in all copies or substantial portions of the Software.\n\nTHE SOFTWARE IS PROVIDED "AS IS", WITHOUT WARRANTY OF ANY KIND, EXPRESS OR IMPLIED, INCLUDING BUT NOT LIMITED TO THE WARRANTIES OF MERCHANTABILITY, FITNESS FOR A PARTICULAR PURPOSE AND NONINFRINGEMENT. IN NO EVENT SHALL THE AUTHORS OR COPYRIGHT HOLDERS BE LIABLE FOR ANY CLAIM, DAMAGES OR OTHER LIABILITY, WHETHER IN AN ACTION OF CONTRACT, TORT OR OTHERWISE, ARISING FROM, OUT OF OR IN CONNECTION WITH THE SOFTWARE OR THE USE OR OTHER DEALINGS IN THE SOFTWARE.\n',
29 silly publish   readmeFilename: 'README.md',
29 silly publish   gitHead: '168e2d9a48ae42245635c549080b75c282e6beff',
29 silly publish   _id: 'hyperion-graph@0.0.2',
29 silly publish   scripts: {},
29 silly publish   _shasum: 'ede8406a7388598efe4b80ec5e10ad83e11e3ffc',
29 silly publish   _from: '.' }
30 verbose mapToRegistry name hyperion-graph
31 verbose mapToRegistry uri https://registry.npmjs.org/hyperion-graph
32 verbose publish registryBase https://registry.npmjs.org/
33 verbose request on initialization, where is /hyperion-graph
34 verbose request after pass 1, where is /hyperion-graph
35 verbose request url raw /hyperion-graph
36 verbose request resolving registry [ 'https://registry.npmjs.org/', './hyperion-graph' ]
37 verbose request after pass 2, where is https://registry.npmjs.org/hyperion-graph
38 verbose request sending authorization for write operation
39 info attempt registry request try #1 at 17:53:42
40 verbose request id 618cf34c35c7568d
41 http request PUT https://registry.npmjs.org/hyperion-graph
42 http 403 https://registry.npmjs.org/hyperion-graph
43 verbose headers { date: 'Thu, 12 Feb 2015 16:53:42 GMT',
43 verbose headers   server: 'CouchDB/1.5.0 (Erlang OTP/R16B03)',
43 verbose headers   'content-type': 'application/json',
43 verbose headers   'cache-control': 'max-age=60',
43 verbose headers   'content-length': '4576',
43 verbose headers   'accept-ranges': 'bytes',
43 verbose headers   via: '1.1 varnish',
43 verbose headers   'x-served-by': 'cache-ams4120-AMS',
43 verbose headers   'x-cache': 'MISS',
43 verbose headers   'x-cache-hits': '0',
43 verbose headers   'x-timer': 'S1423760021.447726,VS0,VE835',
43 verbose headers   connection: 'close' }
44 error publish Failed PUT 403
45 verbose stack Error: forbidden cannot modify pre-existing version: 0.0.2
45 verbose stack old={"name":"hyperion-graph","version":"0.0.2","description":"A wrapper for node-neo4j for keeping a history of graph changes.","main":"index.js","repository":{"type":"git","url":"https://github.com/swissmanu/hyperion-graph"},"keywords":["neo4j","history","graph"],"author":{"name":"Manuel Alabor","email":"manuel@alabor.me"},"license":"MIT","bugs":{"url":"https://github.com/swissmanu/hyperion-graph/issues"},"homepage":"https://github.com/swissmanu/hyperion-graph","dependencies":{"node-neo4j":"^2.0.3","q":"^1.1.2"},"gitHead":"7e9d29e462e2c1bc235cde8931637221dc07941a","_id":"hyperion-graph@0.0.2","scripts":{},"_shasum":"71dc0848d421d15c03662c54dd88d4a8dcaec468","_from":".","_npmVersion":"2.0.0","_npmUser":{"name":"swissmanu","email":"msites@msites.net"},"maintainers":[{"name":"swissmanu","email":"msites@msites.net"}],"dist":{"shasum":"71dc0848d421d15c03662c54dd88d4a8dcaec468","tarball":"http://registry.npmjs.org/hyperion-graph/-/hyperion-graph-0.0.2.tgz"}}
45 verbose stack new={"name":"hyperion-graph","version":"0.0.2","description":"A wrapper for node-neo4j for keeping a history of graph changes.","main":"index.js","repository":{"type":"git","url":"https://github.com/swissmanu/hyperion-graph"},"keywords":["neo4j","history","graph"],"author":{"name":"Manuel Alabor","email":"manuel@alabor.me"},"license":"MIT","bugs":{"url":"https://github.com/swissmanu/hyperion-graph/issues"},"homepage":"https://github.com/swissmanu/hyperion-graph","dependencies":{"q":"^1.1.2"},"peerDependencies":{"node-neo4j":"^2.0.3"},"readme":"# hyperion-graph\u000a[![npm version](https://badge.fury.io/js/hyperion-graph.svg)](http://badge.fury.io/js/hyperion-graph)\u000a\u000a`hyperion-graph` is a wrapper around [`node-neo4j`](https://github.com/philippkueng/node-neo4j) and allows to create and modify history aware, time based [`Neo4j`](http://neo4j.com/) graphs as described in http://www.neo4j.org/graphgist?608bf0701e3306a23e77.\u000a\u000a## Installation\u000a\u000a```bash\u000anpm install hyperion-graph --save\u000a```\u000a\u000a## Usage\u000a\u000a```javascript\u000avar Neo4j = require('node-neo4j')\u000a\u0009, Hyprion = require('hyperion-graph')\u000a\u0009, db = new Neo4j('http://localhost:7474')\u000a\u0009, adapter = new Hyperion(db);\u000a\u000aadapter.insertNode(1701, 'Spaceship', {\u000a\u0009\u0009brand: 'Starfleet'\u000a\u0009}).catch(function(err) {\u000a\u0009\u0009console.log(err);\u000a\u0009});\u000a\u000aadapter.updateNode(1701, 'Spaceship', {\u000a\u0009\u0009destroyed: 12\u000a\u0009}).catch(function(err) {\u000a\u0009\u0009console.log(err);\u000a\u0009});\u000a```\u000a\u000a## License\u000aCopyright (c) 2015 Manuel Alabor\u000a\u000aPermission is hereby granted, free of charge, to any person obtaining a copy of this software and associated documentation files (the \"Software\"), to deal in the Software without restriction, including without limitation the rights to use, copy, modify, merge, publish, distribute, sublicense, and/or sell copies of the Software, and to permit persons to whom the Software is furnished to do so, subject to the following conditions:\u000a\u000aThe above copyright notice and this permission notice shall be included in all copies or substantial portions of the Software.\u000a\u000aTHE SOFTWARE IS PROVIDED \"AS IS\", WITHOUT WARRANTY OF ANY KIND, EXPRESS OR IMPLIED, INCLUDING BUT NOT LIMITED TO THE WARRANTIES OF MERCHANTABILITY, FITNESS FOR A PARTICULAR PURPOSE AND NONINFRINGEMENT. IN NO EVENT SHALL THE AUTHORS OR COPYRIGHT HOLDERS BE LIABLE FOR ANY CLAIM, DAMAGES OR OTHER LIABILITY, WHETHER IN AN ACTION OF CONTRACT, TORT OR OTHERWISE, ARISING FROM, OUT OF OR IN CONNECTION WITH THE SOFTWARE OR THE USE OR OTHER DEALINGS IN THE SOFTWARE.\u000a","readmeFilename":"README.md","gitHead":"168e2d9a48ae42245635c549080b75c282e6beff","_id":"hyperion-graph@0.0.2","scripts":{},"_shasum":"ede8406a7388598efe4b80ec5e10ad83e11e3ffc","_from":".","_npmVersion":"2.0.0","_npmUser":{"name":"swissmanu","email":"msites@msites.net"},"maintainers":[{"name":"swissmanu","email":"msites@msites.net"}],"dist":{"shasum":"ede8406a7388598efe4b80ec5e10ad83e11e3ffc","tarball":"http://registry.npmjs.org/hyperion-graph/-/hyperion-graph-0.0.2.tgz"}}: hyperion-graph
45 verbose stack     at RegClient.<anonymous> (/Users/alma/.nvm/v0.11.14/lib/node_modules/npm/node_modules/npm-registry-client/lib/request.js:261:14)
45 verbose stack     at Request._callback (/Users/alma/.nvm/v0.11.14/lib/node_modules/npm/node_modules/npm-registry-client/lib/request.js:198:65)
45 verbose stack     at Request.self.callback (/Users/alma/.nvm/v0.11.14/lib/node_modules/npm/node_modules/request/request.js:236:22)
45 verbose stack     at Request.emit (events.js:110:17)
45 verbose stack     at Request.<anonymous> (/Users/alma/.nvm/v0.11.14/lib/node_modules/npm/node_modules/request/request.js:1142:14)
45 verbose stack     at Request.emit (events.js:129:20)
45 verbose stack     at IncomingMessage.<anonymous> (/Users/alma/.nvm/v0.11.14/lib/node_modules/npm/node_modules/request/request.js:1096:12)
45 verbose stack     at IncomingMessage.emit (events.js:129:20)
45 verbose stack     at _stream_readable.js:907:16
45 verbose stack     at process._tickCallback (node.js:372:11)
46 verbose statusCode 403
47 verbose pkgid hyperion-graph
48 verbose cwd /Users/alma/Clones/hyperion-graph
49 error Darwin 14.1.0
50 error argv "/Users/alma/.nvm/v0.11.14/bin/node" "/Users/alma/.nvm/v0.11.14/bin/npm" "publish"
51 error node v0.11.14
52 error npm  v2.0.0
53 error code E403
54 error forbidden cannot modify pre-existing version: 0.0.2
54 error old={"name":"hyperion-graph","version":"0.0.2","description":"A wrapper for node-neo4j for keeping a history of graph changes.","main":"index.js","repository":{"type":"git","url":"https://github.com/swissmanu/hyperion-graph"},"keywords":["neo4j","history","graph"],"author":{"name":"Manuel Alabor","email":"manuel@alabor.me"},"license":"MIT","bugs":{"url":"https://github.com/swissmanu/hyperion-graph/issues"},"homepage":"https://github.com/swissmanu/hyperion-graph","dependencies":{"node-neo4j":"^2.0.3","q":"^1.1.2"},"gitHead":"7e9d29e462e2c1bc235cde8931637221dc07941a","_id":"hyperion-graph@0.0.2","scripts":{},"_shasum":"71dc0848d421d15c03662c54dd88d4a8dcaec468","_from":".","_npmVersion":"2.0.0","_npmUser":{"name":"swissmanu","email":"msites@msites.net"},"maintainers":[{"name":"swissmanu","email":"msites@msites.net"}],"dist":{"shasum":"71dc0848d421d15c03662c54dd88d4a8dcaec468","tarball":"http://registry.npmjs.org/hyperion-graph/-/hyperion-graph-0.0.2.tgz"}}
54 error new={"name":"hyperion-graph","version":"0.0.2","description":"A wrapper for node-neo4j for keeping a history of graph changes.","main":"index.js","repository":{"type":"git","url":"https://github.com/swissmanu/hyperion-graph"},"keywords":["neo4j","history","graph"],"author":{"name":"Manuel Alabor","email":"manuel@alabor.me"},"license":"MIT","bugs":{"url":"https://github.com/swissmanu/hyperion-graph/issues"},"homepage":"https://github.com/swissmanu/hyperion-graph","dependencies":{"q":"^1.1.2"},"peerDependencies":{"node-neo4j":"^2.0.3"},"readme":"# hyperion-graph\u000a[![npm version](https://badge.fury.io/js/hyperion-graph.svg)](http://badge.fury.io/js/hyperion-graph)\u000a\u000a`hyperion-graph` is a wrapper around [`node-neo4j`](https://github.com/philippkueng/node-neo4j) and allows to create and modify history aware, time based [`Neo4j`](http://neo4j.com/) graphs as described in http://www.neo4j.org/graphgist?608bf0701e3306a23e77.\u000a\u000a## Installation\u000a\u000a```bash\u000anpm install hyperion-graph --save\u000a```\u000a\u000a## Usage\u000a\u000a```javascript\u000avar Neo4j = require('node-neo4j')\u000a\u0009, Hyprion = require('hyperion-graph')\u000a\u0009, db = new Neo4j('http://localhost:7474')\u000a\u0009, adapter = new Hyperion(db);\u000a\u000aadapter.insertNode(1701, 'Spaceship', {\u000a\u0009\u0009brand: 'Starfleet'\u000a\u0009}).catch(function(err) {\u000a\u0009\u0009console.log(err);\u000a\u0009});\u000a\u000aadapter.updateNode(1701, 'Spaceship', {\u000a\u0009\u0009destroyed: 12\u000a\u0009}).catch(function(err) {\u000a\u0009\u0009console.log(err);\u000a\u0009});\u000a```\u000a\u000a## License\u000aCopyright (c) 2015 Manuel Alabor\u000a\u000aPermission is hereby granted, free of charge, to any person obtaining a copy of this software and associated documentation files (the \"Software\"), to deal in the Software without restriction, including without limitation the rights to use, copy, modify, merge, publish, distribute, sublicense, and/or sell copies of the Software, and to permit persons to whom the Software is furnished to do so, subject to the following conditions:\u000a\u000aThe above copyright notice and this permission notice shall be included in all copies or substantial portions of the Software.\u000a\u000aTHE SOFTWARE IS PROVIDED \"AS IS\", WITHOUT WARRANTY OF ANY KIND, EXPRESS OR IMPLIED, INCLUDING BUT NOT LIMITED TO THE WARRANTIES OF MERCHANTABILITY, FITNESS FOR A PARTICULAR PURPOSE AND NONINFRINGEMENT. IN NO EVENT SHALL THE AUTHORS OR COPYRIGHT HOLDERS BE LIABLE FOR ANY CLAIM, DAMAGES OR OTHER LIABILITY, WHETHER IN AN ACTION OF CONTRACT, TORT OR OTHERWISE, ARISING FROM, OUT OF OR IN CONNECTION WITH THE SOFTWARE OR THE USE OR OTHER DEALINGS IN THE SOFTWARE.\u000a","readmeFilename":"README.md","gitHead":"168e2d9a48ae42245635c549080b75c282e6beff","_id":"hyperion-graph@0.0.2","scripts":{},"_shasum":"ede8406a7388598efe4b80ec5e10ad83e11e3ffc","_from":".","_npmVersion":"2.0.0","_npmUser":{"name":"swissmanu","email":"msites@msites.net"},"maintainers":[{"name":"swissmanu","email":"msites@msites.net"}],"dist":{"shasum":"ede8406a7388598efe4b80ec5e10ad83e11e3ffc","tarball":"http://registry.npmjs.org/hyperion-graph/-/hyperion-graph-0.0.2.tgz"}}: hyperion-graph
55 error If you need help, you may report this error at:
55 error     <http://github.com/npm/npm/issues>
56 verbose exit [ 1, true ]
